2026-07-12T09:53:15Z INF Thank you for trying Cloudflare Tunnel. Doing so, without a Cloudflare account, is a quick way to experiment and try it out. However, be aware that these account-less Tunnels have no uptime guarantee, are subject to the Cloudflare Online Services Terms of Use (https://www.cloudflare.com/website-terms/), and Cloudflare reserves the right to investigate your use of Tunnels for violations of such terms. If you intend to use Tunnels in production you should use a pre-created named tunnel by following: https://developers.cloudflare.com/cloudflare-one/connections/connect-apps
2026-07-12T09:53:15Z INF Requesting new quick Tunnel on trycloudflare.com...
2026-07-12T09:53:18Z INF +--------------------------------------------------------------------------------------------+
2026-07-12T09:53:18Z INF |  Your quick Tunnel has been created! Visit it at (it may take some time to be reachable):  |
2026-07-12T09:53:18Z INF |  https://winners-semester-joined-adopted.trycloudflare.com                                 |
2026-07-12T09:53:18Z INF +--------------------------------------------------------------------------------------------+
2026-07-12T09:53:18Z INF Cannot determine default configuration path. No file [config.yml config.yaml] in [~/.cloudflared ~/.cloudflare-warp ~/cloudflare-warp /etc/cloudflared /usr/local/etc/cloudflared]
2026-07-12T09:53:18Z INF Version 2026.6.1 (Checksum 3f74d697045ecf56dd2fbeb42f59767ecdf4067c409d55f080563923e8a1bb32)
2026-07-12T09:53:18Z INF GOOS: darwin, GOVersion: go1.26.2, GoArch: amd64
2026-07-12T09:53:18Z INF Settings: map[ha-connections:1 no-autoupdate:true protocol:quic url:http://127.0.0.1:8567]
2026-07-12T09:53:19Z INF Generated Connector ID: fd148665-c167-407e-abf6-cc197b80e8c9
2026-07-12T09:53:19Z INF Initial protocol quic
2026-07-12T09:53:19Z INF ICMP proxy will use 192.168.1.7 as source for IPv4
2026-07-12T09:53:19Z INF ICMP proxy will use fe80::a5:f8d2:a965:ba68 in zone en0 as source for IPv6
2026-07-12T09:53:19Z INF Created ICMP proxy listening on 192.168.1.7:0
2026-07-12T09:53:21Z INF ICMP proxy will use 192.168.1.7 as source for IPv4
2026-07-12T09:53:21Z INF ICMP proxy will use fe80::a5:f8d2:a965:ba68 in zone en0 as source for IPv6
2026-07-12T09:53:21Z INF Starting metrics server on 127.0.0.1:20241/metrics
2026-07-12T09:53:21Z INF Tunnel connection curve preferences: [X25519MLKEM768 CurveID(65074) CurveP256] connIndex=0 event=0 ip=2606:4700:a8::5
2026-07-12T09:53:21Z INF +-------------------------------------------------------------------------------------+
2026-07-12T09:53:21Z INF |                               CONNECTIVITY PRE-CHECKS                               |
2026-07-12T09:53:21Z INF +-------------------------------------------------------------------------------------+
2026-07-12T09:53:21Z INF |  COMPONENT         TARGET                     STATUS  DETAILS                       |
2026-07-12T09:53:21Z INF |  DNS Resolution    region1.v2.argotunnel.com  PASS    DNS Resolved successfully     |
2026-07-12T09:53:21Z INF |  DNS Resolution    region2.v2.argotunnel.com  PASS    DNS Resolved successfully     |
2026-07-12T09:53:21Z INF |  UDP Connectivity  region1.v2.argotunnel.com  PASS    QUIC connection successful    |
2026-07-12T09:53:21Z INF |  UDP Connectivity  region2.v2.argotunnel.com  PASS    QUIC connection successful    |
2026-07-12T09:53:21Z INF |  TCP Connectivity  region1.v2.argotunnel.com  PASS    HTTP/2 connection successful  |
2026-07-12T09:53:21Z INF |  TCP Connectivity  region2.v2.argotunnel.com  PASS    HTTP/2 connection successful  |
2026-07-12T09:53:21Z INF |  Cloudflare API    api.cloudflare.com:443     PASS    API is reachable              |
2026-07-12T09:53:21Z INF |                                                                                     |
2026-07-12T09:53:21Z INF |  SUMMARY: Environment is healthy. cloudflared will use 'quic' as primary protocol.  |
2026-07-12T09:53:21Z INF +-------------------------------------------------------------------------------------+
2026-07-12T09:53:21Z INF precheck component="DNS Resolution" details="DNS Resolved successfully" run_id=594ef40a-06a8-4890-a89e-df9c53a3e87c status=pass target=region1.v2.argotunnel.com
2026-07-12T09:53:21Z INF precheck component="DNS Resolution" details="DNS Resolved successfully" run_id=594ef40a-06a8-4890-a89e-df9c53a3e87c status=pass target=region2.v2.argotunnel.com
2026-07-12T09:53:21Z INF precheck component="UDP Connectivity" details="QUIC connection successful" run_id=594ef40a-06a8-4890-a89e-df9c53a3e87c status=pass target=region1.v2.argotunnel.com
2026-07-12T09:53:21Z INF precheck component="UDP Connectivity" details="QUIC connection successful" run_id=594ef40a-06a8-4890-a89e-df9c53a3e87c status=pass target=region2.v2.argotunnel.com
2026-07-12T09:53:21Z INF precheck component="TCP Connectivity" details="HTTP/2 connection successful" run_id=594ef40a-06a8-4890-a89e-df9c53a3e87c status=pass target=region1.v2.argotunnel.com
2026-07-12T09:53:21Z INF precheck component="TCP Connectivity" details="HTTP/2 connection successful" run_id=594ef40a-06a8-4890-a89e-df9c53a3e87c status=pass target=region2.v2.argotunnel.com
2026-07-12T09:53:21Z INF precheck component="Cloudflare API" details="API is reachable" run_id=594ef40a-06a8-4890-a89e-df9c53a3e87c status=pass target=api.cloudflare.com:443
2026-07-12T09:53:21Z INF precheck complete hard_fail=false run_id=594ef40a-06a8-4890-a89e-df9c53a3e87c suggested_protocol=quic
2026-07-12T09:53:22Z INF Registered tunnel connection connIndex=0 connection=ec382c50-f7a8-4502-9829-c51d89b8df07 event=0 ip=2606:4700:a8::5 location=kix06 protocol=quic
2026-07-12T12:15:40Z ERR failed to run the datagram handler error="timeout: no recent network activity" connIndex=0 event=0 ip=2606:4700:a8::5
2026-07-12T12:15:40Z ERR failed to accept incoming stream requests error="failed to accept QUIC stream: timeout: no recent network activity" connIndex=0 event=0 ip=2606:4700:a8::5
2026-07-12T12:15:40Z ERR failed to serve tunnel connection error="datagram manager encountered a failure while serving" connIndex=0 event=0 ip=2606:4700:a8::5
2026-07-12T12:15:40Z ERR Serve tunnel error error="datagram manager encountered a failure while serving" connIndex=0 event=0 ip=2606:4700:a8::5
2026-07-12T12:15:40Z INF Retrying connection in up to 1s connIndex=0 event=0 ip=2606:4700:a8::5
2026-07-12T12:15:41Z INF Tunnel connection curve preferences: [X25519MLKEM768 CurveID(65074) CurveP256] connIndex=0 event=0 ip=2606:4700:a8::5
2026-07-12T12:15:41Z INF Registered tunnel connection connIndex=0 connection=6529d5a0-4ad6-4fa8-8277-0bff2215b18f event=0 ip=2606:4700:a8::5 location=kix06 protocol=quic
2026-07-12T12:34:13Z ERR failed to accept incoming stream requests error="failed to accept QUIC stream: timeout: no recent network activity" connIndex=0 event=0 ip=2606:4700:a8::5
2026-07-12T12:34:13Z ERR failed to run the datagram handler error="timeout: no recent network activity" connIndex=0 event=0 ip=2606:4700:a8::5
2026-07-12T12:34:13Z ERR failed to serve tunnel connection error="accept stream listener encountered a failure while serving" connIndex=0 event=0 ip=2606:4700:a8::5
2026-07-12T12:34:13Z ERR Serve tunnel error error="accept stream listener encountered a failure while serving" connIndex=0 event=0 ip=2606:4700:a8::5
2026-07-12T12:34:13Z INF Retrying connection in up to 1s connIndex=0 event=0 ip=2606:4700:a8::5
2026-07-12T12:34:15Z INF Tunnel connection curve preferences: [X25519MLKEM768 CurveID(65074) CurveP256] connIndex=0 event=0 ip=2606:4700:a8::5
2026-07-12T12:34:15Z INF Registered tunnel connection connIndex=0 connection=65dd3b7c-192d-4864-bb2a-bdb9586d80e4 event=0 ip=2606:4700:a8::5 location=kix06 protocol=quic
2026-07-12T12:35:19Z ERR failed to accept incoming stream requests error="failed to accept QUIC stream: timeout: no recent network activity" connIndex=0 event=0 ip=2606:4700:a8::5
2026-07-12T12:35:19Z ERR failed to run the datagram handler error="timeout: no recent network activity" connIndex=0 event=0 ip=2606:4700:a8::5
2026-07-12T12:35:19Z ERR failed to serve tunnel connection error="accept stream listener encountered a failure while serving" connIndex=0 event=0 ip=2606:4700:a8::5
2026-07-12T12:35:19Z ERR Serve tunnel error error="accept stream listener encountered a failure while serving" connIndex=0 event=0 ip=2606:4700:a8::5
2026-07-12T12:35:19Z INF Retrying connection in up to 1s connIndex=0 event=0 ip=2606:4700:a8::5
2026-07-12T12:35:21Z INF Tunnel connection curve preferences: [X25519MLKEM768 CurveID(65074) CurveP256] connIndex=0 event=0 ip=2606:4700:a8::5
2026-07-12T12:35:21Z INF Registered tunnel connection connIndex=0 connection=61708053-d6be-4d31-a90a-0e891b67063d event=0 ip=2606:4700:a8::5 location=kix06 protocol=quic
2026-07-12T12:44:39Z ERR failed to accept incoming stream requests error="failed to accept QUIC stream: timeout: no recent network activity" connIndex=0 event=0 ip=2606:4700:a8::5
2026-07-12T12:44:39Z ERR failed to run the datagram handler error="timeout: no recent network activity" connIndex=0 event=0 ip=2606:4700:a8::5
2026-07-12T12:44:39Z ERR failed to serve tunnel connection error="accept stream listener encountered a failure while serving" connIndex=0 event=0 ip=2606:4700:a8::5
2026-07-12T12:44:39Z ERR Serve tunnel error error="accept stream listener encountered a failure while serving" connIndex=0 event=0 ip=2606:4700:a8::5
2026-07-12T12:44:39Z INF Retrying connection in up to 1s connIndex=0 event=0 ip=2606:4700:a8::5
2026-07-12T12:44:41Z INF Tunnel connection curve preferences: [X25519MLKEM768 CurveID(65074) CurveP256] connIndex=0 event=0 ip=2606:4700:a8::5
2026-07-12T12:44:41Z INF Registered tunnel connection connIndex=0 connection=f37c2b5c-e560-45a5-8173-2e3bc07e9261 event=0 ip=2606:4700:a8::5 location=kix06 protocol=quic
2026-07-12T12:48:14Z ERR failed to accept incoming stream requests error="failed to accept QUIC stream: timeout: no recent network activity" connIndex=0 event=0 ip=2606:4700:a8::5
2026-07-12T12:48:14Z ERR failed to run the datagram handler error="timeout: no recent network activity" connIndex=0 event=0 ip=2606:4700:a8::5
2026-07-12T12:48:14Z ERR failed to serve tunnel connection error="accept stream listener encountered a failure while serving" connIndex=0 event=0 ip=2606:4700:a8::5
2026-07-12T12:48:14Z ERR Serve tunnel error error="accept stream listener encountered a failure while serving" connIndex=0 event=0 ip=2606:4700:a8::5
2026-07-12T12:48:14Z INF Retrying connection in up to 1s connIndex=0 event=0 ip=2606:4700:a8::5
2026-07-12T12:48:15Z INF Tunnel connection curve preferences: [X25519MLKEM768 CurveID(65074) CurveP256] connIndex=0 event=0 ip=2606:4700:a8::5
2026-07-12T12:48:15Z INF Registered tunnel connection connIndex=0 connection=9b487820-5eaf-47d1-940c-7d66871ffb8c event=0 ip=2606:4700:a8::5 location=kix06 protocol=quic
2026-07-12T12:53:20Z ERR failed to run the datagram handler error="timeout: no recent network activity" connIndex=0 event=0 ip=2606:4700:a8::5
2026-07-12T12:53:20Z ERR failed to accept incoming stream requests error="failed to accept QUIC stream: timeout: no recent network activity" connIndex=0 event=0 ip=2606:4700:a8::5
2026-07-12T12:53:20Z ERR failed to serve tunnel connection error="datagram manager encountered a failure while serving" connIndex=0 event=0 ip=2606:4700:a8::5
2026-07-12T12:53:20Z ERR Serve tunnel error error="datagram manager encountered a failure while serving" connIndex=0 event=0 ip=2606:4700:a8::5
2026-07-12T12:53:20Z INF Retrying connection in up to 1s connIndex=0 event=0 ip=2606:4700:a8::5
2026-07-12T12:53:20Z INF Tunnel connection curve preferences: [X25519MLKEM768 CurveID(65074) CurveP256] connIndex=0 event=0 ip=2606:4700:a8::5
2026-07-12T12:53:21Z INF Registered tunnel connection connIndex=0 connection=23ee7d7f-e5c6-4fd6-9929-fe9466dd6712 event=0 ip=2606:4700:a8::5 location=kix06 protocol=quic
2026-07-12T12:55:07Z ERR failed to accept incoming stream requests error="failed to accept QUIC stream: timeout: no recent network activity" connIndex=0 event=0 ip=2606:4700:a8::5
2026-07-12T12:55:07Z ERR failed to run the datagram handler error="timeout: no recent network activity" connIndex=0 event=0 ip=2606:4700:a8::5
2026-07-12T12:55:07Z ERR failed to serve tunnel connection error="accept stream listener encountered a failure while serving" connIndex=0 event=0 ip=2606:4700:a8::5
2026-07-12T12:55:07Z ERR Serve tunnel error error="accept stream listener encountered a failure while serving" connIndex=0 event=0 ip=2606:4700:a8::5
2026-07-12T12:55:07Z INF Retrying connection in up to 1s connIndex=0 event=0 ip=2606:4700:a8::5
2026-07-12T12:55:09Z INF Tunnel connection curve preferences: [X25519MLKEM768 CurveID(65074) CurveP256] connIndex=0 event=0 ip=2606:4700:a8::5
2026-07-12T12:55:09Z INF Registered tunnel connection connIndex=0 connection=38f55c13-7a3d-4d6e-a28e-469f8ce7aa2a event=0 ip=2606:4700:a8::5 location=kix06 protocol=quic
2026-07-12T13:01:18Z ERR failed to accept incoming stream requests error="failed to accept QUIC stream: timeout: no recent network activity" connIndex=0 event=0 ip=2606:4700:a8::5
2026-07-12T13:01:18Z ERR failed to run the datagram handler error="timeout: no recent network activity" connIndex=0 event=0 ip=2606:4700:a8::5
2026-07-12T13:01:18Z ERR failed to serve tunnel connection error="accept stream listener encountered a failure while serving" connIndex=0 event=0 ip=2606:4700:a8::5
2026-07-12T13:01:18Z ERR Serve tunnel error error="accept stream listener encountered a failure while serving" connIndex=0 event=0 ip=2606:4700:a8::5
2026-07-12T13:01:18Z INF Retrying connection in up to 1s connIndex=0 event=0 ip=2606:4700:a8::5
2026-07-12T13:01:19Z INF Tunnel connection curve preferences: [X25519MLKEM768 CurveID(65074) CurveP256] connIndex=0 event=0 ip=2606:4700:a8::5
2026-07-12T13:01:19Z INF Registered tunnel connection connIndex=0 connection=16b41987-5cfd-4cce-b285-a4865827cb3a event=0 ip=2606:4700:a8::5 location=kix06 protocol=quic
2026-07-12T13:03:05Z ERR failed to accept incoming stream requests error="failed to accept QUIC stream: timeout: no recent network activity" connIndex=0 event=0 ip=2606:4700:a8::5
2026-07-12T13:03:05Z ERR failed to run the datagram handler error="timeout: no recent network activity" connIndex=0 event=0 ip=2606:4700:a8::5
2026-07-12T13:03:05Z ERR failed to serve tunnel connection error="accept stream listener encountered a failure while serving" connIndex=0 event=0 ip=2606:4700:a8::5
2026-07-12T13:03:05Z ERR Serve tunnel error error="accept stream listener encountered a failure while serving" connIndex=0 event=0 ip=2606:4700:a8::5
2026-07-12T13:03:05Z INF Retrying connection in up to 1s connIndex=0 event=0 ip=2606:4700:a8::5
2026-07-12T13:03:07Z INF Tunnel connection curve preferences: [X25519MLKEM768 CurveID(65074) CurveP256] connIndex=0 event=0 ip=2606:4700:a8::5
2026-07-12T13:03:07Z INF Registered tunnel connection connIndex=0 connection=6eab0393-d1e5-43d0-8bfd-7626dedf9960 event=0 ip=2606:4700:a8::5 location=kix06 protocol=quic
2026-07-12T13:05:57Z ERR failed to accept incoming stream requests error="failed to accept QUIC stream: timeout: no recent network activity" connIndex=0 event=0 ip=2606:4700:a8::5
2026-07-12T13:05:57Z ERR failed to run the datagram handler error="timeout: no recent network activity" connIndex=0 event=0 ip=2606:4700:a8::5
2026-07-12T13:05:57Z ERR failed to serve tunnel connection error="accept stream listener encountered a failure while serving" connIndex=0 event=0 ip=2606:4700:a8::5
2026-07-12T13:05:57Z ERR Serve tunnel error error="accept stream listener encountered a failure while serving" connIndex=0 event=0 ip=2606:4700:a8::5
2026-07-12T13:05:57Z INF Retrying connection in up to 1s connIndex=0 event=0 ip=2606:4700:a8::5
2026-07-12T13:05:59Z INF Tunnel connection curve preferences: [X25519MLKEM768 CurveID(65074) CurveP256] connIndex=0 event=0 ip=2606:4700:a8::5
2026-07-12T13:06:00Z INF Registered tunnel connection connIndex=0 connection=197d8f8b-2043-4ffb-94c6-2d366ca6e285 event=0 ip=2606:4700:a8::5 location=kix06 protocol=quic
2026-07-12T13:07:03Z ERR failed to run the datagram handler error="timeout: no recent network activity" connIndex=0 event=0 ip=2606:4700:a8::5
2026-07-12T13:07:03Z ERR failed to accept incoming stream requests error="failed to accept QUIC stream: timeout: no recent network activity" connIndex=0 event=0 ip=2606:4700:a8::5
2026-07-12T13:07:03Z ERR failed to serve tunnel connection error="datagram manager encountered a failure while serving" connIndex=0 event=0 ip=2606:4700:a8::5
2026-07-12T13:07:03Z ERR Serve tunnel error error="datagram manager encountered a failure while serving" connIndex=0 event=0 ip=2606:4700:a8::5
2026-07-12T13:07:03Z INF Retrying connection in up to 1s connIndex=0 event=0 ip=2606:4700:a8::5
2026-07-12T13:07:03Z INF Tunnel connection curve preferences: [X25519MLKEM768 CurveID(65074) CurveP256] connIndex=0 event=0 ip=2606:4700:a8::5
2026-07-12T13:07:03Z INF Registered tunnel connection connIndex=0 connection=7fc752d9-fb23-4be1-aa2d-7749c158f749 event=0 ip=2606:4700:a8::5 location=kix06 protocol=quic
2026-07-12T13:08:00Z ERR failed to run the datagram handler error="timeout: no recent network activity" connIndex=0 event=0 ip=2606:4700:a8::5
2026-07-12T13:08:00Z ERR failed to accept incoming stream requests error="failed to accept QUIC stream: timeout: no recent network activity" connIndex=0 event=0 ip=2606:4700:a8::5
2026-07-12T13:08:00Z ERR failed to serve tunnel connection error="datagram manager encountered a failure while serving" connIndex=0 event=0 ip=2606:4700:a8::5
2026-07-12T13:08:00Z ERR Serve tunnel error error="datagram manager encountered a failure while serving" connIndex=0 event=0 ip=2606:4700:a8::5
2026-07-12T13:08:00Z INF Retrying connection in up to 1s connIndex=0 event=0 ip=2606:4700:a8::5
2026-07-12T13:08:01Z INF Tunnel connection curve preferences: [X25519MLKEM768 CurveID(65074) CurveP256] connIndex=0 event=0 ip=2606:4700:a8::5
2026-07-12T13:08:01Z INF Registered tunnel connection connIndex=0 connection=f3c49176-2195-4adf-9fa6-d2e09aab1542 event=0 ip=2606:4700:a8::5 location=kix06 protocol=quic
2026-07-12T13:10:37Z ERR failed to accept incoming stream requests error="failed to accept QUIC stream: timeout: no recent network activity" connIndex=0 event=0 ip=2606:4700:a8::5
2026-07-12T13:10:37Z ERR failed to run the datagram handler error="timeout: no recent network activity" connIndex=0 event=0 ip=2606:4700:a8::5
2026-07-12T13:10:37Z ERR failed to serve tunnel connection error="accept stream listener encountered a failure while serving" connIndex=0 event=0 ip=2606:4700:a8::5
2026-07-12T13:10:37Z ERR Serve tunnel error error="accept stream listener encountered a failure while serving" connIndex=0 event=0 ip=2606:4700:a8::5
2026-07-12T13:10:37Z INF Retrying connection in up to 1s connIndex=0 event=0 ip=2606:4700:a8::5
2026-07-12T13:10:38Z INF Tunnel connection curve preferences: [X25519MLKEM768 CurveID(65074) CurveP256] connIndex=0 event=0 ip=2606:4700:a8::5
2026-07-12T13:10:38Z INF Registered tunnel connection connIndex=0 connection=7ee9371f-c74a-49e4-a903-18055471b635 event=0 ip=2606:4700:a8::5 location=kix06 protocol=quic
2026-07-12T13:18:27Z ERR failed to accept incoming stream requests error="failed to accept QUIC stream: timeout: no recent network activity" connIndex=0 event=0 ip=2606:4700:a8::5
2026-07-12T13:18:27Z ERR failed to run the datagram handler error="timeout: no recent network activity" connIndex=0 event=0 ip=2606:4700:a8::5
2026-07-12T13:18:27Z ERR failed to serve tunnel connection error="accept stream listener encountered a failure while serving" connIndex=0 event=0 ip=2606:4700:a8::5
2026-07-12T13:18:27Z ERR Serve tunnel error error="accept stream listener encountered a failure while serving" connIndex=0 event=0 ip=2606:4700:a8::5
2026-07-12T13:18:27Z INF Retrying connection in up to 1s connIndex=0 event=0 ip=2606:4700:a8::5
2026-07-12T13:18:27Z INF Tunnel connection curve preferences: [X25519MLKEM768 CurveID(65074) CurveP256] connIndex=0 event=0 ip=2606:4700:a8::5
2026-07-12T13:18:27Z INF Registered tunnel connection connIndex=0 connection=ab6e21b0-0973-4493-923e-4e9985821363 event=0 ip=2606:4700:a8::5 location=kix06 protocol=quic
2026-07-12T13:24:39Z ERR failed to run the datagram handler error="timeout: no recent network activity" connIndex=0 event=0 ip=2606:4700:a8::5
2026-07-12T13:24:39Z ERR failed to accept incoming stream requests error="failed to accept QUIC stream: timeout: no recent network activity" connIndex=0 event=0 ip=2606:4700:a8::5
2026-07-12T13:24:39Z ERR failed to serve tunnel connection error="datagram manager encountered a failure while serving" connIndex=0 event=0 ip=2606:4700:a8::5
2026-07-12T13:24:39Z ERR Serve tunnel error error="datagram manager encountered a failure while serving" connIndex=0 event=0 ip=2606:4700:a8::5
2026-07-12T13:24:39Z INF Retrying connection in up to 1s connIndex=0 event=0 ip=2606:4700:a8::5
2026-07-12T13:24:41Z INF Tunnel connection curve preferences: [X25519MLKEM768 CurveID(65074) CurveP256] connIndex=0 event=0 ip=2606:4700:a8::5
2026-07-12T13:24:41Z INF Registered tunnel connection connIndex=0 connection=dd1b6614-3cd5-4afa-9d49-81a7f87a860f event=0 ip=2606:4700:a8::5 location=kix06 protocol=quic
2026-07-12T13:27:16Z ERR failed to accept incoming stream requests error="failed to accept QUIC stream: timeout: no recent network activity" connIndex=0 event=0 ip=2606:4700:a8::5
2026-07-12T13:27:16Z ERR failed to run the datagram handler error="timeout: no recent network activity" connIndex=0 event=0 ip=2606:4700:a8::5
2026-07-12T13:27:16Z ERR failed to serve tunnel connection error="accept stream listener encountered a failure while serving" connIndex=0 event=0 ip=2606:4700:a8::5
2026-07-12T13:27:16Z ERR Serve tunnel error error="accept stream listener encountered a failure while serving" connIndex=0 event=0 ip=2606:4700:a8::5
2026-07-12T13:27:16Z INF Retrying connection in up to 1s connIndex=0 event=0 ip=2606:4700:a8::5
2026-07-12T13:27:17Z INF Tunnel connection curve preferences: [X25519MLKEM768 CurveID(65074) CurveP256] connIndex=0 event=0 ip=2606:4700:a8::5
2026-07-12T13:27:17Z INF Registered tunnel connection connIndex=0 connection=835b3a8d-f509-402d-9aeb-dee76fcce347 event=0 ip=2606:4700:a8::5 location=kix06 protocol=quic
2026-07-12T13:29:53Z ERR failed to run the datagram handler error="timeout: no recent network activity" connIndex=0 event=0 ip=2606:4700:a8::5
2026-07-12T13:29:53Z ERR failed to accept incoming stream requests error="failed to accept QUIC stream: timeout: no recent network activity" connIndex=0 event=0 ip=2606:4700:a8::5
2026-07-12T13:29:53Z ERR failed to serve tunnel connection error="datagram manager encountered a failure while serving" connIndex=0 event=0 ip=2606:4700:a8::5
2026-07-12T13:29:53Z ERR Serve tunnel error error="datagram manager encountered a failure while serving" connIndex=0 event=0 ip=2606:4700:a8::5
2026-07-12T13:29:53Z INF Retrying connection in up to 1s connIndex=0 event=0 ip=2606:4700:a8::5
2026-07-12T13:29:53Z INF Tunnel connection curve preferences: [X25519MLKEM768 CurveID(65074) CurveP256] connIndex=0 event=0 ip=2606:4700:a8::5
2026-07-12T13:29:53Z INF Registered tunnel connection connIndex=0 connection=4300cb5a-f14e-444c-905b-95c791c6fa2b event=0 ip=2606:4700:a8::5 location=kix06 protocol=quic
2026-07-12T13:34:09Z ERR failed to accept incoming stream requests error="failed to accept QUIC stream: timeout: no recent network activity" connIndex=0 event=0 ip=2606:4700:a8::5
2026-07-12T13:34:09Z ERR failed to run the datagram handler error="timeout: no recent network activity" connIndex=0 event=0 ip=2606:4700:a8::5
2026-07-12T13:34:09Z ERR failed to serve tunnel connection error="accept stream listener encountered a failure while serving" connIndex=0 event=0 ip=2606:4700:a8::5
2026-07-12T13:34:09Z ERR Serve tunnel error error="accept stream listener encountered a failure while serving" connIndex=0 event=0 ip=2606:4700:a8::5
2026-07-12T13:34:09Z INF Retrying connection in up to 1s connIndex=0 event=0 ip=2606:4700:a8::5
2026-07-12T13:34:10Z INF Tunnel connection curve preferences: [X25519MLKEM768 CurveID(65074) CurveP256] connIndex=0 event=0 ip=2606:4700:a8::5
2026-07-12T13:34:10Z INF Registered tunnel connection connIndex=0 connection=a924e304-b2fe-49d2-a509-271aced2f0e8 event=0 ip=2606:4700:a8::5 location=kix06 protocol=quic
2026-07-12T13:35:07Z ERR failed to accept incoming stream requests error="failed to accept QUIC stream: timeout: no recent network activity" connIndex=0 event=0 ip=2606:4700:a8::5
2026-07-12T13:35:07Z ERR failed to run the datagram handler error="timeout: no recent network activity" connIndex=0 event=0 ip=2606:4700:a8::5
2026-07-12T13:35:07Z ERR failed to serve tunnel connection error="accept stream listener encountered a failure while serving" connIndex=0 event=0 ip=2606:4700:a8::5
2026-07-12T13:35:07Z ERR Serve tunnel error error="accept stream listener encountered a failure while serving" connIndex=0 event=0 ip=2606:4700:a8::5
2026-07-12T13:35:07Z INF Retrying connection in up to 1s connIndex=0 event=0 ip=2606:4700:a8::5
2026-07-12T13:35:08Z INF Tunnel connection curve preferences: [X25519MLKEM768 CurveID(65074) CurveP256] connIndex=0 event=0 ip=2606:4700:a8::5
2026-07-12T13:35:08Z INF Registered tunnel connection connIndex=0 connection=4cb3764c-d282-4e75-9589-e2cf710dd95c event=0 ip=2606:4700:a8::5 location=kix06 protocol=quic
2026-07-12T13:36:04Z ERR failed to accept incoming stream requests error="failed to accept QUIC stream: timeout: no recent network activity" connIndex=0 event=0 ip=2606:4700:a8::5
2026-07-12T13:36:04Z ERR failed to run the datagram handler error="timeout: no recent network activity" connIndex=0 event=0 ip=2606:4700:a8::5
2026-07-12T13:36:04Z ERR failed to serve tunnel connection error="accept stream listener encountered a failure while serving" connIndex=0 event=0 ip=2606:4700:a8::5
2026-07-12T13:36:04Z ERR Serve tunnel error error="accept stream listener encountered a failure while serving" connIndex=0 event=0 ip=2606:4700:a8::5
2026-07-12T13:36:04Z INF Retrying connection in up to 1s connIndex=0 event=0 ip=2606:4700:a8::5
2026-07-12T13:36:04Z INF Tunnel connection curve preferences: [X25519MLKEM768 CurveID(65074) CurveP256] connIndex=0 event=0 ip=2606:4700:a8::5
2026-07-12T13:36:04Z INF Registered tunnel connection connIndex=0 connection=46db2098-b846-40d6-b3a8-182595343bf5 event=0 ip=2606:4700:a8::5 location=kix06 protocol=quic
2026-07-12T13:39:30Z ERR failed to accept incoming stream requests error="failed to accept QUIC stream: timeout: no recent network activity" connIndex=0 event=0 ip=2606:4700:a8::5
2026-07-12T13:39:30Z ERR failed to run the datagram handler error="timeout: no recent network activity" connIndex=0 event=0 ip=2606:4700:a8::5
2026-07-12T13:39:30Z ERR failed to serve tunnel connection error="accept stream listener encountered a failure while serving" connIndex=0 event=0 ip=2606:4700:a8::5
2026-07-12T13:39:30Z ERR Serve tunnel error error="accept stream listener encountered a failure while serving" connIndex=0 event=0 ip=2606:4700:a8::5
2026-07-12T13:39:30Z INF Retrying connection in up to 1s connIndex=0 event=0 ip=2606:4700:a8::5
2026-07-12T13:39:32Z INF Tunnel connection curve preferences: [X25519MLKEM768 CurveID(65074) CurveP256] connIndex=0 event=0 ip=2606:4700:a8::5
2026-07-12T13:39:32Z INF Registered tunnel connection connIndex=0 connection=a0423ecf-08d1-406e-865c-5bdfdf8da702 event=0 ip=2606:4700:a8::5 location=kix06 protocol=quic
2026-07-12T13:42:06Z ERR failed to accept incoming stream requests error="failed to accept QUIC stream: timeout: no recent network activity" connIndex=0 event=0 ip=2606:4700:a8::5
2026-07-12T13:42:06Z ERR failed to run the datagram handler error="timeout: no recent network activity" connIndex=0 event=0 ip=2606:4700:a8::5
2026-07-12T13:42:06Z ERR failed to serve tunnel connection error="accept stream listener encountered a failure while serving" connIndex=0 event=0 ip=2606:4700:a8::5
2026-07-12T13:42:06Z ERR Serve tunnel error error="accept stream listener encountered a failure while serving" connIndex=0 event=0 ip=2606:4700:a8::5
2026-07-12T13:42:06Z INF Retrying connection in up to 1s connIndex=0 event=0 ip=2606:4700:a8::5
2026-07-12T13:42:08Z INF Tunnel connection curve preferences: [X25519MLKEM768 CurveID(65074) CurveP256] connIndex=0 event=0 ip=2606:4700:a8::5
2026-07-12T13:42:08Z INF Registered tunnel connection connIndex=0 connection=8591414e-cf3e-4dc5-8b4f-ecaf58267185 event=0 ip=2606:4700:a8::5 location=kix06 protocol=quic
2026-07-12T13:46:38Z ERR failed to accept incoming stream requests error="failed to accept QUIC stream: timeout: no recent network activity" connIndex=0 event=0 ip=2606:4700:a8::5
2026-07-12T13:46:38Z ERR failed to run the datagram handler error="timeout: no recent network activity" connIndex=0 event=0 ip=2606:4700:a8::5
2026-07-12T13:46:38Z ERR failed to serve tunnel connection error="accept stream listener encountered a failure while serving" connIndex=0 event=0 ip=2606:4700:a8::5
2026-07-12T13:46:38Z ERR Serve tunnel error error="accept stream listener encountered a failure while serving" connIndex=0 event=0 ip=2606:4700:a8::5
2026-07-12T13:46:38Z INF Retrying connection in up to 1s connIndex=0 event=0 ip=2606:4700:a8::5
2026-07-12T13:46:39Z INF Tunnel connection curve preferences: [X25519MLKEM768 CurveID(65074) CurveP256] connIndex=0 event=0 ip=2606:4700:a8::5
2026-07-12T13:46:39Z INF Registered tunnel connection connIndex=0 connection=f87a6544-b2f7-4c45-b481-69ca0a69cae1 event=0 ip=2606:4700:a8::5 location=kix06 protocol=quic
2026-07-12T13:53:30Z ERR failed to accept incoming stream requests error="failed to accept QUIC stream: timeout: no recent network activity" connIndex=0 event=0 ip=2606:4700:a8::5
2026-07-12T13:53:30Z ERR failed to run the datagram handler error="timeout: no recent network activity" connIndex=0 event=0 ip=2606:4700:a8::5
2026-07-12T13:53:30Z ERR failed to serve tunnel connection error="accept stream listener encountered a failure while serving" connIndex=0 event=0 ip=2606:4700:a8::5
2026-07-12T13:53:30Z ERR Serve tunnel error error="accept stream listener encountered a failure while serving" connIndex=0 event=0 ip=2606:4700:a8::5
2026-07-12T13:53:30Z INF Retrying connection in up to 1s connIndex=0 event=0 ip=2606:4700:a8::5
2026-07-12T13:53:32Z INF Tunnel connection curve preferences: [X25519MLKEM768 CurveID(65074) CurveP256] connIndex=0 event=0 ip=2606:4700:a8::5
2026-07-12T13:53:32Z INF Registered tunnel connection connIndex=0 connection=9b65f590-7deb-4a50-8a95-be7f45dd826b event=0 ip=2606:4700:a8::5 location=kix06 protocol=quic
2026-07-12T13:56:07Z ERR failed to accept incoming stream requests error="failed to accept QUIC stream: timeout: no recent network activity" connIndex=0 event=0 ip=2606:4700:a8::5
2026-07-12T13:56:07Z ERR failed to run the datagram handler error="timeout: no recent network activity" connIndex=0 event=0 ip=2606:4700:a8::5
2026-07-12T13:56:07Z ERR failed to serve tunnel connection error="accept stream listener encountered a failure while serving" connIndex=0 event=0 ip=2606:4700:a8::5
2026-07-12T13:56:07Z ERR Serve tunnel error error="accept stream listener encountered a failure while serving" connIndex=0 event=0 ip=2606:4700:a8::5
2026-07-12T13:56:07Z INF Retrying connection in up to 1s connIndex=0 event=0 ip=2606:4700:a8::5
2026-07-12T13:56:08Z INF Tunnel connection curve preferences: [X25519MLKEM768 CurveID(65074) CurveP256] connIndex=0 event=0 ip=2606:4700:a8::5
2026-07-12T13:56:08Z INF Registered tunnel connection connIndex=0 connection=ce8f69fc-f061-432e-9d0e-07fcede04eab event=0 ip=2606:4700:a8::5 location=kix06 protocol=quic
2026-07-12T14:05:23Z ERR failed to run the datagram handler error="timeout: no recent network activity" connIndex=0 event=0 ip=2606:4700:a8::5
2026-07-12T14:05:23Z ERR failed to accept incoming stream requests error="failed to accept QUIC stream: timeout: no recent network activity" connIndex=0 event=0 ip=2606:4700:a8::5
2026-07-12T14:05:23Z ERR failed to serve tunnel connection error="datagram manager encountered a failure while serving" connIndex=0 event=0 ip=2606:4700:a8::5
2026-07-12T14:05:23Z ERR Serve tunnel error error="datagram manager encountered a failure while serving" connIndex=0 event=0 ip=2606:4700:a8::5
2026-07-12T14:05:23Z INF Retrying connection in up to 1s connIndex=0 event=0 ip=2606:4700:a8::5
2026-07-12T14:05:23Z INF Tunnel connection curve preferences: [X25519MLKEM768 CurveID(65074) CurveP256] connIndex=0 event=0 ip=2606:4700:a8::5
2026-07-12T14:05:23Z INF Registered tunnel connection connIndex=0 connection=fa91cdc2-4f0a-4087-9df0-65f192ba52b0 event=0 ip=2606:4700:a8::5 location=kix06 protocol=quic
2026-07-12T14:06:20Z ERR failed to run the datagram handler error="timeout: no recent network activity" connIndex=0 event=0 ip=2606:4700:a8::5
2026-07-12T14:06:20Z ERR failed to accept incoming stream requests error="failed to accept QUIC stream: timeout: no recent network activity" connIndex=0 event=0 ip=2606:4700:a8::5
2026-07-12T14:06:20Z ERR failed to serve tunnel connection error="datagram manager encountered a failure while serving" connIndex=0 event=0 ip=2606:4700:a8::5
2026-07-12T14:06:20Z ERR Serve tunnel error error="datagram manager encountered a failure while serving" connIndex=0 event=0 ip=2606:4700:a8::5
2026-07-12T14:06:20Z INF Retrying connection in up to 1s connIndex=0 event=0 ip=2606:4700:a8::5
2026-07-12T14:06:22Z INF Tunnel connection curve preferences: [X25519MLKEM768 CurveID(65074) CurveP256] connIndex=0 event=0 ip=2606:4700:a8::5
2026-07-12T14:06:22Z INF Registered tunnel connection connIndex=0 connection=177df09e-362d-434d-a765-c6f4b42ad6d9 event=0 ip=2606:4700:a8::5 location=kix06 protocol=quic
2026-07-12T15:08:53Z ERR failed to accept incoming stream requests error="failed to accept QUIC stream: timeout: no recent network activity" connIndex=0 event=0 ip=2606:4700:a8::5
2026-07-12T15:08:53Z ERR failed to run the datagram handler error="timeout: no recent network activity" connIndex=0 event=0 ip=2606:4700:a8::5
2026-07-12T15:08:53Z ERR failed to serve tunnel connection error="accept stream listener encountered a failure while serving" connIndex=0 event=0 ip=2606:4700:a8::5
2026-07-12T15:08:53Z ERR Serve tunnel error error="accept stream listener encountered a failure while serving" connIndex=0 event=0 ip=2606:4700:a8::5
2026-07-12T15:08:53Z INF Retrying connection in up to 1s connIndex=0 event=0 ip=2606:4700:a8::5
2026-07-12T15:08:54Z INF Tunnel connection curve preferences: [X25519MLKEM768 CurveID(65074) CurveP256] connIndex=0 event=0 ip=2606:4700:a8::5
2026-07-12T15:08:55Z INF Registered tunnel connection connIndex=0 connection=6462167f-d0b6-476a-af2d-3dffc2ef073a event=0 ip=2606:4700:a8::5 location=kix06 protocol=quic
2026-07-12T15:18:05Z ERR failed to run the datagram handler error="timeout: no recent network activity" connIndex=0 event=0 ip=2606:4700:a8::5
2026-07-12T15:18:05Z ERR failed to accept incoming stream requests error="failed to accept QUIC stream: timeout: no recent network activity" connIndex=0 event=0 ip=2606:4700:a8::5
2026-07-12T15:18:05Z ERR failed to serve tunnel connection error="datagram manager encountered a failure while serving" connIndex=0 event=0 ip=2606:4700:a8::5
2026-07-12T15:18:05Z ERR Serve tunnel error error="datagram manager encountered a failure while serving" connIndex=0 event=0 ip=2606:4700:a8::5
2026-07-12T15:18:05Z INF Retrying connection in up to 1s connIndex=0 event=0 ip=2606:4700:a8::5
2026-07-12T15:18:05Z INF Tunnel connection curve preferences: [X25519MLKEM768 CurveID(65074) CurveP256] connIndex=0 event=0 ip=2606:4700:a8::5
2026-07-12T15:18:05Z INF Registered tunnel connection connIndex=0 connection=8f6c86e5-659d-4282-837c-2d02f6deb639 event=0 ip=2606:4700:a8::5 location=kix06 protocol=quic
2026-07-12T15:23:09Z ERR failed to run the datagram handler error="timeout: no recent network activity" connIndex=0 event=0 ip=2606:4700:a8::5
2026-07-12T15:23:09Z ERR failed to accept incoming stream requests error="failed to accept QUIC stream: timeout: no recent network activity" connIndex=0 event=0 ip=2606:4700:a8::5
2026-07-12T15:23:09Z ERR failed to serve tunnel connection error="datagram manager encountered a failure while serving" connIndex=0 event=0 ip=2606:4700:a8::5
2026-07-12T15:23:09Z ERR Serve tunnel error error="datagram manager encountered a failure while serving" connIndex=0 event=0 ip=2606:4700:a8::5
2026-07-12T15:23:09Z INF Retrying connection in up to 1s connIndex=0 event=0 ip=2606:4700:a8::5
2026-07-12T15:23:09Z INF Tunnel connection curve preferences: [X25519MLKEM768 CurveID(65074) CurveP256] connIndex=0 event=0 ip=2606:4700:a8::5
2026-07-12T15:23:09Z INF Registered tunnel connection connIndex=0 connection=ab439a99-82df-4a72-b5f7-5c94ecc422d1 event=0 ip=2606:4700:a8::5 location=kix06 protocol=quic
2026-07-12T15:28:21Z ERR failed to accept incoming stream requests error="failed to accept QUIC stream: timeout: no recent network activity" connIndex=0 event=0 ip=2606:4700:a8::5
2026-07-12T15:28:21Z ERR failed to run the datagram handler error="timeout: no recent network activity" connIndex=0 event=0 ip=2606:4700:a8::5
2026-07-12T15:28:21Z ERR failed to serve tunnel connection error="accept stream listener encountered a failure while serving" connIndex=0 event=0 ip=2606:4700:a8::5
2026-07-12T15:28:21Z ERR Serve tunnel error error="accept stream listener encountered a failure while serving" connIndex=0 event=0 ip=2606:4700:a8::5
2026-07-12T15:28:21Z INF Retrying connection in up to 1s connIndex=0 event=0 ip=2606:4700:a8::5
2026-07-12T15:28:22Z INF Tunnel connection curve preferences: [X25519MLKEM768 CurveID(65074) CurveP256] connIndex=0 event=0 ip=2606:4700:a8::5
2026-07-12T15:28:22Z INF Registered tunnel connection connIndex=0 connection=a86eb883-4823-457c-88a0-60773e5c4574 event=0 ip=2606:4700:a8::5 location=kix06 protocol=quic
2026-07-12T15:37:24Z ERR failed to accept incoming stream requests error="failed to accept QUIC stream: timeout: no recent network activity" connIndex=0 event=0 ip=2606:4700:a8::5
2026-07-12T15:37:24Z ERR failed to run the datagram handler error="timeout: no recent network activity" connIndex=0 event=0 ip=2606:4700:a8::5
2026-07-12T15:37:24Z ERR failed to serve tunnel connection error="accept stream listener encountered a failure while serving" connIndex=0 event=0 ip=2606:4700:a8::5
2026-07-12T15:37:24Z ERR Serve tunnel error error="accept stream listener encountered a failure while serving" connIndex=0 event=0 ip=2606:4700:a8::5
2026-07-12T15:37:24Z INF Retrying connection in up to 1s connIndex=0 event=0 ip=2606:4700:a8::5
2026-07-12T15:37:25Z INF Tunnel connection curve preferences: [X25519MLKEM768 CurveID(65074) CurveP256] connIndex=0 event=0 ip=2606:4700:a8::5
2026-07-12T15:37:25Z INF Registered tunnel connection connIndex=0 connection=62fb885c-e54f-40be-9907-475b8f652fb8 event=0 ip=2606:4700:a8::5 location=kix06 protocol=quic
2026-07-12T15:40:50Z ERR failed to accept incoming stream requests error="failed to accept QUIC stream: timeout: no recent network activity" connIndex=0 event=0 ip=2606:4700:a8::5
2026-07-12T15:40:50Z ERR failed to run the datagram handler error="timeout: no recent network activity" connIndex=0 event=0 ip=2606:4700:a8::5
2026-07-12T15:40:50Z ERR failed to serve tunnel connection error="accept stream listener encountered a failure while serving" connIndex=0 event=0 ip=2606:4700:a8::5
2026-07-12T15:40:50Z ERR Serve tunnel error error="accept stream listener encountered a failure while serving" connIndex=0 event=0 ip=2606:4700:a8::5
2026-07-12T15:40:50Z INF Retrying connection in up to 1s connIndex=0 event=0 ip=2606:4700:a8::5
2026-07-12T15:40:51Z INF Tunnel connection curve preferences: [X25519MLKEM768 CurveID(65074) CurveP256] connIndex=0 event=0 ip=2606:4700:a8::5
2026-07-12T15:40:51Z INF Registered tunnel connection connIndex=0 connection=be42699e-9a09-43b8-ae10-2afe3efe4a5d event=0 ip=2606:4700:a8::5 location=kix06 protocol=quic
2026-07-12T15:42:06Z ERR failed to run the datagram handler error="timeout: no recent network activity" connIndex=0 event=0 ip=2606:4700:a8::5
2026-07-12T15:42:06Z ERR failed to accept incoming stream requests error="failed to accept QUIC stream: timeout: no recent network activity" connIndex=0 event=0 ip=2606:4700:a8::5
2026-07-12T15:42:06Z ERR failed to serve tunnel connection error="datagram manager encountered a failure while serving" connIndex=0 event=0 ip=2606:4700:a8::5
2026-07-12T15:42:06Z ERR Serve tunnel error error="datagram manager encountered a failure while serving" connIndex=0 event=0 ip=2606:4700:a8::5
2026-07-12T15:42:06Z INF Retrying connection in up to 1s connIndex=0 event=0 ip=2606:4700:a8::5
2026-07-12T15:42:07Z INF Tunnel connection curve preferences: [X25519MLKEM768 CurveID(65074) CurveP256] connIndex=0 event=0 ip=2606:4700:a8::5
2026-07-12T15:42:07Z INF Registered tunnel connection connIndex=0 connection=944f4486-5145-44af-a8df-ec9507f290bf event=0 ip=2606:4700:a8::5 location=kix06 protocol=quic
